<?xml version="1.0" encoding="UTF-8"?>
<coverage generated="1593748209057" clover="3.2.0">
  <project timestamp="1593748209057" name="All files">
    <metrics statements="47" coveredstatements="40" conditionals="14" coveredconditionals="9" methods="13" coveredmethods="10" elements="74" coveredelements="59" complexity="0" loc="47" ncloc="47" packages="1" files="1" classes="1"/>
    <file name="index.js" path="/Users/user 1/Desktop/wordspace/githubRepo/react-roughjs/src/index.js">
      <metrics statements="47" coveredstatements="40" conditionals="14" coveredconditionals="9" methods="13" coveredmethods="10"/>
      <line num="5" count="1" type="stmt"/>
      <line num="6" count="1" type="stmt"/>
      <line num="8" count="1" type="stmt"/>
      <line num="23" count="1" type="stmt"/>
      <line num="24" count="6" type="stmt"/>
      <line num="26" count="11" type="cond" truecount="1" falsecount="1"/>
      <line num="27" count="0" type="stmt"/>
      <line num="30" count="11" type="stmt"/>
      <line num="33" count="11" type="stmt"/>
      <line num="34" count="16" type="cond" truecount="1" falsecount="1"/>
      <line num="35" count="0" type="stmt"/>
      <line num="42" count="11" type="cond" truecount="2" falsecount="0"/>
      <line num="43" count="5" type="cond" truecount="2" falsecount="0"/>
      <line num="44" count="1" type="cond" truecount="1" falsecount="1"/>
      <line num="45" count="0" type="stmt"/>
      <line num="50" count="1" type="stmt"/>
      <line num="52" count="4" type="stmt"/>
      <line num="54" count="5" type="stmt"/>
      <line num="57" count="6" type="stmt"/>
      <line num="63" count="1" type="stmt"/>
      <line num="64" count="1" type="stmt"/>
      <line num="67" count="1" type="stmt"/>
      <line num="68" count="2" type="stmt"/>
      <line num="71" count="1" type="stmt"/>
      <line num="72" count="0" type="stmt"/>
      <line num="75" count="1" type="stmt"/>
      <line num="76" count="1" type="stmt"/>
      <line num="79" count="1" type="stmt"/>
      <line num="80" count="1" type="stmt"/>
      <line num="83" count="1" type="stmt"/>
      <line num="84" count="1" type="stmt"/>
      <line num="87" count="1" type="stmt"/>
      <line num="88" count="0" type="stmt"/>
      <line num="91" count="1" type="stmt"/>
      <line num="92" count="0" type="stmt"/>
      <line num="95" count="7" type="stmt"/>
      <line num="101" count="5" type="cond" truecount="1" falsecount="1"/>
      <line num="102" count="0" type="stmt"/>
      <line num="105" count="5" type="stmt"/>
      <line num="109" count="5" type="stmt"/>
      <line num="110" count="5" type="stmt"/>
      <line num="112" count="5" type="cond" truecount="1" falsecount="1"/>
      <line num="113" count="5" type="stmt"/>
      <line num="118" count="12" type="stmt"/>
      <line num="120" count="12" type="stmt"/>
      <line num="130" count="1" type="stmt"/>
      <line num="135" count="1" type="stmt"/>
    </file>
  </project>
</coverage>
