{"/Users/user 1/Desktop/wordspace/githubRepo/react-roughjs/src/index.js": {"path":"/Users/user 1/Desktop/wordspace/githubRepo/react-roughjs/src/index.js","statementMap":{"0":{"start":{"line":5,"column":21},"end":{"line":5,"column":42}},"1":{"start":{"line":6,"column":18},"end":{"line":6,"column":35}},"2":{"start":{"line":8,"column":23},"end":{"line":21,"column":1}},"3":{"start":{"line":23,"column":29},"end":{"line":60,"column":1}},"4":{"start":{"line":24,"column":1},"end":{"line":59,"column":25}},"5":{"start":{"line":26,"column":3},"end":{"line":28,"column":4}},"6":{"start":{"line":27,"column":4},"end":{"line":27,"column":54}},"7":{"start":{"line":30,"column":21},"end":{"line":30,"column":38}},"8":{"start":{"line":33,"column":3},"end":{"line":39,"column":4}},"9":{"start":{"line":33,"column":16},"end":{"line":33,"column":17}},"10":{"start":{"line":33,"column":25},"end":{"line":33,"column":41}},"11":{"start":{"line":34,"column":4},"end":{"line":38,"column":5}},"12":{"start":{"line":35,"column":5},"end":{"line":37,"column":6}},"13":{"start":{"line":42,"column":3},"end":{"line":55,"column":4}},"14":{"start":{"line":43,"column":4},"end":{"line":53,"column":5}},"15":{"start":{"line":44,"column":5},"end":{"line":48,"column":6}},"16":{"start":{"line":45,"column":6},"end":{"line":47,"column":7}},"17":{"start":{"line":50,"column":5},"end":{"line":50,"column":44}},"18":{"start":{"line":52,"column":5},"end":{"line":52,"column":43}},"19":{"start":{"line":54,"column":4},"end":{"line":54,"column":15}},"20":{"start":{"line":57,"column":3},"end":{"line":57,"column":14}},"21":{"start":{"line":63,"column":14},"end":{"line":65,"column":2}},"22":{"start":{"line":64,"column":2},"end":{"line":64,"column":48}},"23":{"start":{"line":67,"column":17},"end":{"line":69,"column":2}},"24":{"start":{"line":68,"column":2},"end":{"line":68,"column":51}},"25":{"start":{"line":71,"column":16},"end":{"line":73,"column":2}},"26":{"start":{"line":72,"column":2},"end":{"line":72,"column":50}},"27":{"start":{"line":75,"column":18},"end":{"line":77,"column":2}},"28":{"start":{"line":76,"column":2},"end":{"line":76,"column":52}},"29":{"start":{"line":79,"column":15},"end":{"line":81,"column":2}},"30":{"start":{"line":80,"column":2},"end":{"line":80,"column":49}},"31":{"start":{"line":83,"column":15},"end":{"line":85,"column":2}},"32":{"start":{"line":84,"column":2},"end":{"line":84,"column":49}},"33":{"start":{"line":87,"column":18},"end":{"line":89,"column":2}},"34":{"start":{"line":88,"column":2},"end":{"line":88,"column":52}},"35":{"start":{"line":91,"column":20},"end":{"line":93,"column":2}},"36":{"start":{"line":92,"column":2},"end":{"line":92,"column":54}},"37":{"start":{"line":95,"column":9},"end":{"line":97,"column":2}},"38":{"start":{"line":101,"column":2},"end":{"line":103,"column":3}},"39":{"start":{"line":102,"column":3},"end":{"line":102,"column":15}},"40":{"start":{"line":105,"column":2},"end":{"line":105,"column":13}},"41":{"start":{"line":109,"column":13},"end":{"line":109,"column":44}},"42":{"start":{"line":110,"column":2},"end":{"line":110,"column":14}},"43":{"start":{"line":112,"column":2},"end":{"line":114,"column":3}},"44":{"start":{"line":113,"column":3},"end":{"line":113,"column":35}},"45":{"start":{"line":118,"column":28},"end":{"line":118,"column":38}},"46":{"start":{"line":120,"column":2},"end":{"line":126,"column":3}},"47":{"start":{"line":130,"column":0},"end":{"line":133,"column":1}},"48":{"start":{"line":135,"column":0},"end":{"line":149,"column":1}}},"fnMap":{"0":{"name":"(anonymous_0)","decl":{"start":{"line":23,"column":29},"end":{"line":23,"column":30}},"loc":{"start":{"line":24,"column":1},"end":{"line":59,"column":25}},"line":24},"1":{"name":"(anonymous_1)","decl":{"start":{"line":25,"column":3},"end":{"line":25,"column":4}},"loc":{"start":{"line":25,"column":21},"end":{"line":58,"column":3}},"line":25},"2":{"name":"(anonymous_2)","decl":{"start":{"line":63,"column":14},"end":{"line":63,"column":15}},"loc":{"start":{"line":63,"column":25},"end":{"line":65,"column":2}},"line":63},"3":{"name":"(anonymous_3)","decl":{"start":{"line":67,"column":17},"end":{"line":67,"column":18}},"loc":{"start":{"line":67,"column":28},"end":{"line":69,"column":2}},"line":67},"4":{"name":"(anonymous_4)","decl":{"start":{"line":71,"column":16},"end":{"line":71,"column":17}},"loc":{"start":{"line":71,"column":27},"end":{"line":73,"column":2}},"line":71},"5":{"name":"(anonymous_5)","decl":{"start":{"line":75,"column":18},"end":{"line":75,"column":19}},"loc":{"start":{"line":75,"column":29},"end":{"line":77,"column":2}},"line":75},"6":{"name":"(anonymous_6)","decl":{"start":{"line":79,"column":15},"end":{"line":79,"column":16}},"loc":{"start":{"line":79,"column":26},"end":{"line":81,"column":2}},"line":79},"7":{"name":"(anonymous_7)","decl":{"start":{"line":83,"column":15},"end":{"line":83,"column":16}},"loc":{"start":{"line":83,"column":26},"end":{"line":85,"column":2}},"line":83},"8":{"name":"(anonymous_8)","decl":{"start":{"line":87,"column":18},"end":{"line":87,"column":19}},"loc":{"start":{"line":87,"column":29},"end":{"line":89,"column":2}},"line":87},"9":{"name":"(anonymous_9)","decl":{"start":{"line":91,"column":20},"end":{"line":91,"column":21}},"loc":{"start":{"line":91,"column":31},"end":{"line":93,"column":2}},"line":91},"10":{"name":"(anonymous_10)","decl":{"start":{"line":100,"column":1},"end":{"line":100,"column":2}},"loc":{"start":{"line":100,"column":37},"end":{"line":106,"column":2}},"line":100},"11":{"name":"(anonymous_11)","decl":{"start":{"line":108,"column":1},"end":{"line":108,"column":2}},"loc":{"start":{"line":108,"column":21},"end":{"line":115,"column":2}},"line":108},"12":{"name":"(anonymous_12)","decl":{"start":{"line":117,"column":1},"end":{"line":117,"column":2}},"loc":{"start":{"line":117,"column":10},"end":{"line":127,"column":2}},"line":117}},"branchMap":{"0":{"loc":{"start":{"line":26,"column":3},"end":{"line":28,"column":4}},"type":"if","locations":[{"start":{"line":26,"column":3},"end":{"line":28,"column":4}},{"start":{"line":26,"column":3},"end":{"line":28,"column":4}}],"line":26},"1":{"loc":{"start":{"line":34,"column":4},"end":{"line":38,"column":5}},"type":"if","locations":[{"start":{"line":34,"column":4},"end":{"line":38,"column":5}},{"start":{"line":34,"column":4},"end":{"line":38,"column":5}}],"line":34},"2":{"loc":{"start":{"line":42,"column":3},"end":{"line":55,"column":4}},"type":"if","locations":[{"start":{"line":42,"column":3},"end":{"line":55,"column":4}},{"start":{"line":42,"column":3},"end":{"line":55,"column":4}}],"line":42},"3":{"loc":{"start":{"line":43,"column":4},"end":{"line":53,"column":5}},"type":"if","locations":[{"start":{"line":43,"column":4},"end":{"line":53,"column":5}},{"start":{"line":43,"column":4},"end":{"line":53,"column":5}}],"line":43},"4":{"loc":{"start":{"line":44,"column":5},"end":{"line":48,"column":6}},"type":"if","locations":[{"start":{"line":44,"column":5},"end":{"line":48,"column":6}},{"start":{"line":44,"column":5},"end":{"line":48,"column":6}}],"line":44},"5":{"loc":{"start":{"line":101,"column":2},"end":{"line":103,"column":3}},"type":"if","locations":[{"start":{"line":101,"column":2},"end":{"line":103,"column":3}},{"start":{"line":101,"column":2},"end":{"line":103,"column":3}}],"line":101},"6":{"loc":{"start":{"line":112,"column":2},"end":{"line":114,"column":3}},"type":"if","locations":[{"start":{"line":112,"column":2},"end":{"line":114,"column":3}},{"start":{"line":112,"column":2},"end":{"line":114,"column":3}}],"line":112}},"s":{"0":1,"1":1,"2":1,"3":1,"4":6,"5":11,"6":0,"7":11,"8":11,"9":11,"10":11,"11":16,"12":0,"13":11,"14":5,"15":1,"16":0,"17":1,"18":4,"19":5,"20":6,"21":1,"22":1,"23":1,"24":2,"25":1,"26":0,"27":1,"28":1,"29":1,"30":1,"31":1,"32":1,"33":1,"34":0,"35":1,"36":0,"37":7,"38":5,"39":0,"40":5,"41":5,"42":5,"43":5,"44":5,"45":12,"46":12,"47":1,"48":1},"f":{"0":6,"1":11,"2":1,"3":2,"4":0,"5":1,"6":1,"7":1,"8":0,"9":0,"10":5,"11":5,"12":12},"b":{"0":[0,11],"1":[0,16],"2":[5,6],"3":[1,4],"4":[0,1],"5":[0,5],"6":[5,0]},"_coverageSchema":"43e27e138ebf9cfc5966b082cf9a028302ed4184","hash":"d4a7291a0622cefca82ebe8e22104f2cee8ffd37"}
}
