TN:
SF:/Users/user 1/Desktop/wordspace/githubRepo/react-roughjs/src/index.js
FN:23,(anonymous_0)
FN:25,(anonymous_1)
FN:63,(anonymous_2)
FN:67,(anonymous_3)
FN:71,(anonymous_4)
FN:75,(anonymous_5)
FN:79,(anonymous_6)
FN:83,(anonymous_7)
FN:87,(anonymous_8)
FN:91,(anonymous_9)
FN:100,(anonymous_10)
FN:108,(anonymous_11)
FN:117,(anonymous_12)
FNF:13
FNH:10
FNDA:6,(anonymous_0)
FNDA:11,(anonymous_1)
FNDA:1,(anonymous_2)
FNDA:2,(anonymous_3)
FNDA:0,(anonymous_4)
FNDA:1,(anonymous_5)
FNDA:1,(anonymous_6)
FNDA:1,(anonymous_7)
FNDA:0,(anonymous_8)
FNDA:0,(anonymous_9)
FNDA:5,(anonymous_10)
FNDA:5,(anonymous_11)
FNDA:12,(anonymous_12)
DA:5,1
DA:6,1
DA:8,1
DA:23,1
DA:24,6
DA:26,11
DA:27,0
DA:30,11
DA:33,11
DA:34,16
DA:35,0
DA:42,11
DA:43,5
DA:44,1
DA:45,0
DA:50,1
DA:52,4
DA:54,5
DA:57,6
DA:63,1
DA:64,1
DA:67,1
DA:68,2
DA:71,1
DA:72,0
DA:75,1
DA:76,1
DA:79,1
DA:80,1
DA:83,1
DA:84,1
DA:87,1
DA:88,0
DA:91,1
DA:92,0
DA:95,7
DA:101,5
DA:102,0
DA:105,5
DA:109,5
DA:110,5
DA:112,5
DA:113,5
DA:118,12
DA:120,12
DA:130,1
DA:135,1
LF:47
LH:40
BRDA:26,0,0,0
BRDA:26,0,1,11
BRDA:34,1,0,0
BRDA:34,1,1,16
BRDA:42,2,0,5
BRDA:42,2,1,6
BRDA:43,3,0,1
BRDA:43,3,1,4
BRDA:44,4,0,0
BRDA:44,4,1,1
BRDA:101,5,0,0
BRDA:101,5,1,5
BRDA:112,6,0,5
BRDA:112,6,1,0
BRF:14
BRH:9
end_of_record
